1735106230.518872 client started (76916): version 3.3a, socket /tmp/tmux-1000/default, protocol 8
1735106230.518901 on Linux 5.15.167.4-microsoft-standard-WSL2 #1 SMP Tue Nov 5 00:21:55 UTC 2024
1735106230.518904 using libevent 2.1.12-stable (poll); ncurses 6.4
1735106230.518910 flags are 0x10010000
1735106230.518912 socket is /tmp/tmux-1000/default
1735106230.518917 trying connect
1735106230.518959 add peer 0x5615f8610cc0: 6 ((nil))
1735106230.519087 sending message 100 to peer 0x5615f8610cc0 (4 bytes)
1735106230.519102 sending message 111 to peer 0x5615f8610cc0 (8 bytes)
1735106230.519104 sending message 101 to peer 0x5615f8610cc0 (16 bytes)
1735106230.519106 sending message 109 to peer 0x5615f8610cc0 (4 bytes)
1735106230.519107 sending message 102 to peer 0x5615f8610cc0 (11 bytes)
1735106230.519108 sending message 108 to peer 0x5615f8610cc0 (20 bytes)
1735106230.519110 sending message 112 to peer 0x5615f8610cc0 (70 bytes)
1735106230.519111 sending message 112 to peer 0x5615f8610cc0 (5 bytes)
1735106230.519112 sending message 112 to peer 0x5615f8610cc0 (5 bytes)
1735106230.519114 sending message 112 to peer 0x5615f8610cc0 (6 bytes)
1735106230.519115 sending message 112 to peer 0x5615f8610cc0 (6 bytes)
1735106230.519116 sending message 112 to peer 0x5615f8610cc0 (11 bytes)
1735106230.519117 sending message 112 to peer 0x5615f8610cc0 (10 bytes)
1735106230.519118 sending message 112 to peer 0x5615f8610cc0 (13 bytes)
1735106230.519120 sending message 112 to peer 0x5615f8610cc0 (13 bytes)
1735106230.519121 sending message 112 to peer 0x5615f8610cc0 (18 bytes)
1735106230.519122 sending message 112 to peer 0x5615f8610cc0 (11 bytes)
1735106230.519123 sending message 112 to peer 0x5615f8610cc0 (21 bytes)
1735106230.519125 sending message 112 to peer 0x5615f8610cc0 (13 bytes)
1735106230.519126 sending message 112 to peer 0x5615f8610cc0 (7 bytes)
1735106230.519127 sending message 112 to peer 0x5615f8610cc0 (13 bytes)
1735106230.519128 sending message 112 to peer 0x5615f8610cc0 (7 bytes)
1735106230.519129 sending message 112 to peer 0x5615f8610cc0 (13 bytes)
1735106230.519131 sending message 112 to peer 0x5615f8610cc0 (9 bytes)
1735106230.519132 sending message 112 to peer 0x5615f8610cc0 (21 bytes)
1735106230.519133 sending message 112 to peer 0x5615f8610cc0 (13 bytes)
1735106230.519134 sending message 112 to peer 0x5615f8610cc0 (8 bytes)
1735106230.519136 sending message 112 to peer 0x5615f8610cc0 (12 bytes)
1735106230.519137 sending message 112 to peer 0x5615f8610cc0 (13 bytes)
1735106230.519138 sending message 112 to peer 0x5615f8610cc0 (9 bytes)
1735106230.519139 sending message 112 to peer 0x5615f8610cc0 (9 bytes)
1735106230.519141 sending message 112 to peer 0x5615f8610cc0 (12 bytes)
1735106230.519142 sending message 112 to peer 0x5615f8610cc0 (8 bytes)
1735106230.519143 sending message 112 to peer 0x5615f8610cc0 (7 bytes)
1735106230.519144 sending message 112 to peer 0x5615f8610cc0 (7 bytes)
1735106230.519145 sending message 112 to peer 0x5615f8610cc0 (9 bytes)
1735106230.519147 sending message 112 to peer 0x5615f8610cc0 (13 bytes)
1735106230.519148 sending message 112 to peer 0x5615f8610cc0 (9 bytes)
1735106230.519149 sending message 112 to peer 0x5615f8610cc0 (15 bytes)
1735106230.519150 sending message 112 to peer 0x5615f8610cc0 (13 bytes)
1735106230.519152 sending message 112 to peer 0x5615f8610cc0 (12 bytes)
1735106230.519153 sending message 112 to peer 0x5615f8610cc0 (8 bytes)
1735106230.519154 sending message 112 to peer 0x5615f8610cc0 (14 bytes)
1735106230.519155 sending message 112 to peer 0x5615f8610cc0 (9 bytes)
1735106230.519156 sending message 112 to peer 0x5615f8610cc0 (10 bytes)
1735106230.519157 sending message 112 to peer 0x5615f8610cc0 (10 bytes)
1735106230.519159 sending message 112 to peer 0x5615f8610cc0 (10 bytes)
1735106230.519160 sending message 112 to peer 0x5615f8610cc0 (10 bytes)
1735106230.519161 sending message 112 to peer 0x5615f8610cc0 (11 bytes)
1735106230.519162 sending message 112 to peer 0x5615f8610cc0 (10 bytes)
1735106230.519163 sending message 112 to peer 0x5615f8610cc0 (8 bytes)
1735106230.519165 sending message 112 to peer 0x5615f8610cc0 (11 bytes)
1735106230.519170 sending message 112 to peer 0x5615f8610cc0 (11 bytes)
1735106230.519171 sending message 112 to peer 0x5615f8610cc0 (11 bytes)
1735106230.519172 sending message 112 to peer 0x5615f8610cc0 (8 bytes)
1735106230.519174 sending message 112 to peer 0x5615f8610cc0 (8 bytes)
1735106230.519175 sending message 112 to peer 0x5615f8610cc0 (8 bytes)
1735106230.519176 sending message 112 to peer 0x5615f8610cc0 (10 bytes)
1735106230.519177 sending message 112 to peer 0x5615f8610cc0 (10 bytes)
1735106230.519179 sending message 112 to peer 0x5615f8610cc0 (10 bytes)
1735106230.519180 sending message 112 to peer 0x5615f8610cc0 (10 bytes)
1735106230.519181 sending message 112 to peer 0x5615f8610cc0 (10 bytes)
1735106230.519182 sending message 112 to peer 0x5615f8610cc0 (11 bytes)
1735106230.519183 sending message 112 to peer 0x5615f8610cc0 (11 bytes)
1735106230.519185 sending message 112 to peer 0x5615f8610cc0 (10 bytes)
1735106230.519186 sending message 112 to peer 0x5615f8610cc0 (9 bytes)
1735106230.519187 sending message 112 to peer 0x5615f8610cc0 (9 bytes)
1735106230.519188 sending message 112 to peer 0x5615f8610cc0 (12 bytes)
1735106230.519189 sending message 112 to peer 0x5615f8610cc0 (9 bytes)
1735106230.519191 sending message 112 to peer 0x5615f8610cc0 (6 bytes)
1735106230.519192 sending message 112 to peer 0x5615f8610cc0 (13 bytes)
1735106230.519193 sending message 112 to peer 0x5615f8610cc0 (8 bytes)
1735106230.519195 sending message 112 to peer 0x5615f8610cc0 (15 bytes)
1735106230.519196 sending message 112 to peer 0x5615f8610cc0 (13 bytes)
1735106230.519197 sending message 112 to peer 0x5615f8610cc0 (70 bytes)
1735106230.519198 sending message 112 to peer 0x5615f8610cc0 (69 bytes)
1735106230.519201 sending message 112 to peer 0x5615f8610cc0 (10 bytes)
1735106230.519203 sending message 112 to peer 0x5615f8610cc0 (8 bytes)
1735106230.519204 sending message 112 to peer 0x5615f8610cc0 (15 bytes)
1735106230.519205 sending message 112 to peer 0x5615f8610cc0 (13 bytes)
1735106230.519206 sending message 112 to peer 0x5615f8610cc0 (10 bytes)
1735106230.519207 sending message 112 to peer 0x5615f8610cc0 (10 bytes)
1735106230.519209 sending message 112 to peer 0x5615f8610cc0 (5 bytes)
1735106230.519210 sending message 112 to peer 0x5615f8610cc0 (15 bytes)
1735106230.519211 sending message 104 to peer 0x5615f8610cc0 (0 bytes)
1735106230.519213 sending message 110 to peer 0x5615f8610cc0 (0 bytes)
1735106230.519214 sending message 107 to peer 0x5615f8610cc0 (4 bytes)
1735106230.519215 sending message 105 to peer 0x5615f8610cc0 (16 bytes)
1735106230.519216 sending message 105 to peer 0x5615f8610cc0 (192 bytes)
1735106230.519218 sending message 105 to peer 0x5615f8610cc0 (24 bytes)
1735106230.519219 sending message 105 to peer 0x5615f8610cc0 (26 bytes)
1735106230.519220 sending message 105 to peer 0x5615f8610cc0 (27 bytes)
1735106230.519221 sending message 105 to peer 0x5615f8610cc0 (36 bytes)
1735106230.519223 sending message 105 to peer 0x5615f8610cc0 (48 bytes)
1735106230.519224 sending message 105 to peer 0x5615f8610cc0 (21 bytes)
1735106230.519225 sending message 105 to peer 0x5615f8610cc0 (25 bytes)
1735106230.519226 sending message 105 to peer 0x5615f8610cc0 (51 bytes)
1735106230.519227 sending message 105 to peer 0x5615f8610cc0 (11 bytes)
1735106230.519228 sending message 105 to peer 0x5615f8610cc0 (24 bytes)
1735106230.519230 sending message 105 to peer 0x5615f8610cc0 (13 bytes)
1735106230.519231 sending message 105 to peer 0x5615f8610cc0 (34 bytes)
1735106230.519232 sending message 105 to peer 0x5615f8610cc0 (16 bytes)
1735106230.519234 sending message 105 to peer 0x5615f8610cc0 (17 bytes)
1735106230.519235 sending message 105 to peer 0x5615f8610cc0 (33 bytes)
1735106230.519238 sending message 105 to peer 0x5615f8610cc0 (1827 bytes)
1735106230.519244 sending message 105 to peer 0x5615f8610cc0 (26 bytes)
1735106230.519246 sending message 105 to peer 0x5615f8610cc0 (35 bytes)
1735106230.519247 sending message 105 to peer 0x5615f8610cc0 (21 bytes)
1735106230.519248 sending message 105 to peer 0x5615f8610cc0 (24 bytes)
1735106230.519251 sending message 105 to peer 0x5615f8610cc0 (21 bytes)
1735106230.519253 sending message 105 to peer 0x5615f8610cc0 (24 bytes)
1735106230.519254 sending message 105 to peer 0x5615f8610cc0 (10 bytes)
1735106230.519255 sending message 105 to peer 0x5615f8610cc0 (13 bytes)
1735106230.519256 sending message 105 to peer 0x5615f8610cc0 (192 bytes)
1735106230.519258 sending message 105 to peer 0x5615f8610cc0 (11 bytes)
1735106230.519259 sending message 105 to peer 0x5615f8610cc0 (8 bytes)
1735106230.519260 sending message 105 to peer 0x5615f8610cc0 (21 bytes)
1735106230.519261 sending message 105 to peer 0x5615f8610cc0 (24 bytes)
1735106230.519263 sending message 105 to peer 0x5615f8610cc0 (35 bytes)
1735106230.519264 sending message 105 to peer 0x5615f8610cc0 (34 bytes)
1735106230.519265 sending message 105 to peer 0x5615f8610cc0 (34 bytes)
1735106230.519266 sending message 105 to peer 0x5615f8610cc0 (38 bytes)
1735106230.519268 sending message 105 to peer 0x5615f8610cc0 (33 bytes)
1735106230.519269 sending message 105 to peer 0x5615f8610cc0 (65 bytes)
1735106230.519270 sending message 105 to peer 0x5615f8610cc0 (2856 bytes)
1735106230.519272 sending message 105 to peer 0x5615f8610cc0 (16 bytes)
1735106230.519273 sending message 105 to peer 0x5615f8610cc0 (40 bytes)
1735106230.519274 sending message 105 to peer 0x5615f8610cc0 (53 bytes)
1735106230.519275 sending message 105 to peer 0x5615f8610cc0 (18 bytes)
1735106230.519277 sending message 105 to peer 0x5615f8610cc0 (18 bytes)
1735106230.519278 sending message 105 to peer 0x5615f8610cc0 (16 bytes)
1735106230.519279 sending message 106 to peer 0x5615f8610cc0 (0 bytes)
1735106230.519319 sending message 200 to peer 0x5615f8610cc0 (4 bytes)
1735106230.519321 client loop enter
1735106230.519559 peer 0x5615f8610cc0 message 303
1735106230.519572 open write file 2 -
1735106230.519577 sending message 305 to peer 0x5615f8610cc0 (8 bytes)
1735106230.519581 write check file 2
1735106230.519672 peer 0x5615f8610cc0 message 304
1735106230.519690 write 58 to file 2
1735106230.519694 peer 0x5615f8610cc0 message 203
1735106230.519696 file 2 58 bytes left
1735106230.519711 write check file 2
1735106230.519713 client loop exit
